Compiling the C compiler identification source file "CMakeCCompilerId.c" failed.
Compiler: /opt/gcc-arm-none-eabi-9-2020-q2-update/bin/arm-none-eabi-gcc 
Build flags: 
Id flags:  

The output was:
1
/opt/gcc-arm-none-eabi-9-2020-q2-update/bin/../lib/gcc/arm-none-eabi/9.3.1/../../../../arm-none-eabi/bin/ld: /opt/gcc-arm-none-eabi-9-2020-q2-update/bin/../lib/gcc/arm-none-eabi/9.3.1/../../../../arm-none-eabi/lib/libc.a(lib_a-exit.o): in function `exit':
exit.c:(.text.exit+0x2c): undefined reference to `_exit'
collect2: error: ld returned 1 exit status


Compiling the CXX compiler identification source file "CMakeCXXCompilerId.cpp" failed.
Compiler: /opt/gcc-arm-none-eabi-9-2020-q2-update/bin/arm-none-eabi-g++ 
Build flags: 
Id flags:  

The output was:
1
/opt/gcc-arm-none-eabi-9-2020-q2-update/bin/../lib/gcc/arm-none-eabi/9.3.1/../../../../arm-none-eabi/bin/ld: /opt/gcc-arm-none-eabi-9-2020-q2-update/bin/../lib/gcc/arm-none-eabi/9.3.1/../../../../arm-none-eabi/lib/libc.a(lib_a-exit.o): in function `exit':
exit.c:(.text.exit+0x2c): undefined reference to `_exit'
collect2: error: ld returned 1 exit status


Determining if the C compiler works failed with the following output:
Change Dir: /home/yang/px4_ros/src/bag2mat/build/CMakeFiles/CMakeTmp

Run Build Command(s):/usr/bin/ninja cmTC_7cc29 && [1/2] Building C object CMakeFiles/cmTC_7cc29.dir/testCCompiler.c.o
[2/2] Linking C executable cmTC_7cc29
FAILED: cmTC_7cc29 
: && /opt/gcc-arm-none-eabi-9-2020-q2-update/bin/arm-none-eabi-gcc   -rdynamic CMakeFiles/cmTC_7cc29.dir/testCCompiler.c.o  -o cmTC_7cc29   && :
arm-none-eabi-gcc: error: unrecognized command line option '-rdynamic'
ninja: build stopped: subcommand failed.



Compiling the C compiler identification source file "CMakeCCompilerId.c" failed.
Compiler: /opt/gcc-arm-none-eabi-9-2020-q2-update/bin/arm-none-eabi-gcc 
Build flags: 
Id flags:  

The output was:
1
/opt/gcc-arm-none-eabi-9-2020-q2-update/bin/../lib/gcc/arm-none-eabi/9.3.1/../../../../arm-none-eabi/bin/ld: /opt/gcc-arm-none-eabi-9-2020-q2-update/bin/../lib/gcc/arm-none-eabi/9.3.1/../../../../arm-none-eabi/lib/libc.a(lib_a-exit.o): in function `exit':
exit.c:(.text.exit+0x2c): undefined reference to `_exit'
collect2: error: ld returned 1 exit status


Compiling the CXX compiler identification source file "CMakeCXXCompilerId.cpp" failed.
Compiler: /opt/gcc-arm-none-eabi-9-2020-q2-update/bin/arm-none-eabi-g++ 
Build flags: 
Id flags:  

The output was:
1
/opt/gcc-arm-none-eabi-9-2020-q2-update/bin/../lib/gcc/arm-none-eabi/9.3.1/../../../../arm-none-eabi/bin/ld: /opt/gcc-arm-none-eabi-9-2020-q2-update/bin/../lib/gcc/arm-none-eabi/9.3.1/../../../../arm-none-eabi/lib/libc.a(lib_a-exit.o): in function `exit':
exit.c:(.text.exit+0x2c): undefined reference to `_exit'
collect2: error: ld returned 1 exit status


Determining if the C compiler works failed with the following output:
Change Dir: /home/yang/px4_ros/src/bag2mat/build/CMakeFiles/CMakeTmp

Run Build Command(s):/usr/bin/ninja cmTC_c2f38 && [1/2] Building C object CMakeFiles/cmTC_c2f38.dir/testCCompiler.c.o
[2/2] Linking C executable cmTC_c2f38
FAILED: cmTC_c2f38 
: && /opt/gcc-arm-none-eabi-9-2020-q2-update/bin/arm-none-eabi-gcc   -rdynamic CMakeFiles/cmTC_c2f38.dir/testCCompiler.c.o  -o cmTC_c2f38   && :
arm-none-eabi-gcc: error: unrecognized command line option '-rdynamic'
ninja: build stopped: subcommand failed.



Compiling the C compiler identification source file "CMakeCCompilerId.c" failed.
Compiler: /opt/gcc-arm-none-eabi-9-2020-q2-update/bin/arm-none-eabi-gcc 
Build flags: 
Id flags:  

The output was:
1
/opt/gcc-arm-none-eabi-9-2020-q2-update/bin/../lib/gcc/arm-none-eabi/9.3.1/../../../../arm-none-eabi/bin/ld: /opt/gcc-arm-none-eabi-9-2020-q2-update/bin/../lib/gcc/arm-none-eabi/9.3.1/../../../../arm-none-eabi/lib/libc.a(lib_a-exit.o): in function `exit':
exit.c:(.text.exit+0x2c): undefined reference to `_exit'
collect2: error: ld returned 1 exit status


Compiling the CXX compiler identification source file "CMakeCXXCompilerId.cpp" failed.
Compiler: /opt/gcc-arm-none-eabi-9-2020-q2-update/bin/arm-none-eabi-g++ 
Build flags: 
Id flags:  

The output was:
1
/opt/gcc-arm-none-eabi-9-2020-q2-update/bin/../lib/gcc/arm-none-eabi/9.3.1/../../../../arm-none-eabi/bin/ld: /opt/gcc-arm-none-eabi-9-2020-q2-update/bin/../lib/gcc/arm-none-eabi/9.3.1/../../../../arm-none-eabi/lib/libc.a(lib_a-exit.o): in function `exit':
exit.c:(.text.exit+0x2c): undefined reference to `_exit'
collect2: error: ld returned 1 exit status


Determining if the C compiler works failed with the following output:
Change Dir: /home/yang/px4_ros/src/bag2mat/build/CMakeFiles/CMakeTmp

Run Build Command(s):/usr/bin/ninja cmTC_5ff03 && [1/2] Building C object CMakeFiles/cmTC_5ff03.dir/testCCompiler.c.o
[2/2] Linking C executable cmTC_5ff03
FAILED: cmTC_5ff03 
: && /opt/gcc-arm-none-eabi-9-2020-q2-update/bin/arm-none-eabi-gcc   -rdynamic CMakeFiles/cmTC_5ff03.dir/testCCompiler.c.o  -o cmTC_5ff03   && :
arm-none-eabi-gcc: error: unrecognized command line option '-rdynamic'
ninja: build stopped: subcommand failed.



Compiling the C compiler identification source file "CMakeCCompilerId.c" failed.
Compiler: /opt/gcc-arm-none-eabi-9-2020-q2-update/bin/arm-none-eabi-gcc 
Build flags: 
Id flags:  

The output was:
1
/opt/gcc-arm-none-eabi-9-2020-q2-update/bin/../lib/gcc/arm-none-eabi/9.3.1/../../../../arm-none-eabi/bin/ld: /opt/gcc-arm-none-eabi-9-2020-q2-update/bin/../lib/gcc/arm-none-eabi/9.3.1/../../../../arm-none-eabi/lib/libc.a(lib_a-exit.o): in function `exit':
exit.c:(.text.exit+0x2c): undefined reference to `_exit'
collect2: error: ld returned 1 exit status


Compiling the CXX compiler identification source file "CMakeCXXCompilerId.cpp" failed.
Compiler: /opt/gcc-arm-none-eabi-9-2020-q2-update/bin/arm-none-eabi-g++ 
Build flags: 
Id flags:  

The output was:
1
/opt/gcc-arm-none-eabi-9-2020-q2-update/bin/../lib/gcc/arm-none-eabi/9.3.1/../../../../arm-none-eabi/bin/ld: /opt/gcc-arm-none-eabi-9-2020-q2-update/bin/../lib/gcc/arm-none-eabi/9.3.1/../../../../arm-none-eabi/lib/libc.a(lib_a-exit.o): in function `exit':
exit.c:(.text.exit+0x2c): undefined reference to `_exit'
collect2: error: ld returned 1 exit status


Determining if the C compiler works failed with the following output:
Change Dir: /home/yang/px4_ros/src/bag2mat/build/CMakeFiles/CMakeTmp

Run Build Command(s):/usr/bin/ninja cmTC_8807b && [1/2] Building C object CMakeFiles/cmTC_8807b.dir/testCCompiler.c.o
[2/2] Linking C executable cmTC_8807b
FAILED: cmTC_8807b 
: && /opt/gcc-arm-none-eabi-9-2020-q2-update/bin/arm-none-eabi-gcc   -rdynamic CMakeFiles/cmTC_8807b.dir/testCCompiler.c.o  -o cmTC_8807b   && :
arm-none-eabi-gcc: error: unrecognized command line option '-rdynamic'
ninja: build stopped: subcommand failed.



